Command line invocation:
    /Applications/Xcode.app/Contents/Developer/usr/bin/xcodebuild -scheme LifelogWidgetsExtension -destination generic/platform=iOS CODE_SIGNING_ALLOWED=NO

Build settings from command line:
    CODE_SIGNING_ALLOWED = NO

ComputePackagePrebuildTargetDependencyGraph

Prepare packages

CreateBuildRequest

SendProjectDescription

CreateBuildOperation

ComputeTargetDependencyGraph
note: Building targets in dependency order
note: Target dependency graph (2 targets)
    Target 'lifelog' in project 'lifelog'
        ➜ Explicit dependency on target 'LifelogWidgetsExtension' in project 'lifelog'
    Target 'LifelogWidgetsExtension' in project 'lifelog' (no dependencies)

GatherProvisioningInputs

CreateBuildDescription

ExecuteExternalTool /Applications/Xcode.app/Contents/Developer/Toolchains/XcodeDefault.xctoolchain/usr/bin/clang -v -E -dM -isysroot /Applications/Xcode.app/Contents/Developer/Platforms/iPhoneOS.platform/Developer/SDKs/iPhoneOS26.1.sdk -x c -c /dev/null

ExecuteExternalTool /Applications/Xcode.app/Contents/Developer/usr/bin/actool --version --output-format xml1

ExecuteExternalTool /Applications/Xcode.app/Contents/Developer/usr/bin/actool --print-asset-tag-combinations --output-format xml1 /Users/inazumimakoto/Desktop/lifelog/lifelog/Assets.xcassets

ExecuteExternalTool /Applications/Xcode.app/Contents/Developer/Toolchains/XcodeDefault.xctoolchain/usr/bin/swiftc --version

ExecuteExternalTool /Applications/Xcode.app/Contents/Developer/Toolchains/XcodeDefault.xctoolchain/usr/bin/ld -version_details

Build description signature: dce077d9e3c6345c79d159c3787a3f59
Build description path: /Users/inazumimakoto/Library/Developer/Xcode/DerivedData/lifelog-dlcpibjbhsajbleipoqwnvlvwlev/Build/Intermediates.noindex/XCBuildData/dce077d9e3c6345c79d159c3787a3f59.xcbuilddata
ClangStatCache /Applications/Xcode.app/Contents/Developer/Toolchains/XcodeDefault.xctoolchain/usr/bin/clang-stat-cache /Applications/Xcode.app/Contents/Developer/Platforms/iPhoneOS.platform/Developer/SDKs/iPhoneOS26.1.sdk /Users/inazumimakoto/Library/Developer/Xcode/DerivedData/SDKStatCaches.noindex/iphoneos26.1-23B77-69b33fc7382b27d9b5d46e82a00f8e78.sdkstatcache
    cd /Users/inazumimakoto/Desktop/lifelog/lifelog.xcodeproj
    /Applications/Xcode.app/Contents/Developer/Toolchains/XcodeDefault.xctoolchain/usr/bin/clang-stat-cache /Applications/Xcode.app/Contents/Developer/Platforms/iPhoneOS.platform/Developer/SDKs/iPhoneOS26.1.sdk -o /Users/inazumimakoto/Library/Developer/Xcode/DerivedData/SDKStatCaches.noindex/iphoneos26.1-23B77-69b33fc7382b27d9b5d46e82a00f8e78.sdkstatcache

ProcessInfoPlistFile /Users/inazumimakoto/Library/Developer/Xcode/DerivedData/lifelog-dlcpibjbhsajbleipoqwnvlvwlev/Build/Products/Debug-iphoneos/LifelogWidgetsExtension.appex/Info.plist /Users/inazumimakoto/Desktop/lifelog/LifelogWidgets/Info.plist (in target 'LifelogWidgetsExtension' from project 'lifelog')
    cd /Users/inazumimakoto/Desktop/lifelog
    builtin-infoPlistUtility /Users/inazumimakoto/Desktop/lifelog/LifelogWidgets/Info.plist -producttype com.apple.product-type.app-extension -expandbuildsettings -format binary -platform iphoneos -additionalcontentfile /Users/inazumimakoto/Library/Developer/Xcode/DerivedData/lifelog-dlcpibjbhsajbleipoqwnvlvwlev/Build/Intermediates.noindex/lifelog.build/Debug-iphoneos/LifelogWidgetsExtension.build/assetcatalog_generated_info.plist -requiredArchitecture arm64 -o /Users/inazumimakoto/Library/Developer/Xcode/DerivedData/lifelog-dlcpibjbhsajbleipoqwnvlvwlev/Build/Products/Debug-iphoneos/LifelogWidgetsExtension.appex/Info.plist

SwiftDriver LifelogWidgetsExtension normal arm64 com.apple.xcode.tools.swift.compiler (in target 'LifelogWidgetsExtension' from project 'lifelog')
    cd /Users/inazumimakoto/Desktop/lifelog
    builtin-SwiftDriver -- /Applications/Xcode.app/Contents/Developer/Toolchains/XcodeDefault.xctoolchain/usr/bin/swiftc -module-name LifelogWidgetsExtension -Onone -enforce-exclusivity\=checked @/Users/inazumimakoto/Library/Developer/Xcode/DerivedData/lifelog-dlcpibjbhsajbleipoqwnvlvwlev/Build/Intermediates.noindex/lifelog.build/Debug-iphoneos/LifelogWidgetsExtension.build/Objects-normal/arm64/LifelogWidgetsExtension.SwiftFileList -DDEBUG -enable-bare-slash-regex -enable-upcoming-feature DisableOutwardActorInference -enable-upcoming-feature InferSendableFromCaptures -enable-upcoming-feature GlobalActorIsolatedTypesUsability -enable-upcoming-feature MemberImportVisibility -enable-upcoming-feature InferIsolatedConformances -enable-upcoming-feature NonisolatedNonsendingByDefault -enable-experimental-feature DebugDescriptionMacro -sdk /Applications/Xcode.app/Contents/Developer/Platforms/iPhoneOS.platform/Developer/SDKs/iPhoneOS26.1.sdk -target arm64-apple-ios26.1 -g -module-cache-path /Users/inazumimakoto/Library/Developer/Xcode/DerivedData/ModuleCache.noindex -Xfrontend -serialize-debugging-options -application-extension -enable-testing -index-store-path /Users/inazumimakoto/Library/Developer/Xcode/DerivedData/lifelog-dlcpibjbhsajbleipoqwnvlvwlev/Index.noindex/DataStore -Xcc -D_LIBCPP_HARDENING_MODE\=_LIBCPP_HARDENING_MODE_DEBUG -swift-version 5 -I /Users/inazumimakoto/Library/Developer/Xcode/DerivedData/lifelog-dlcpibjbhsajbleipoqwnvlvwlev/Build/Products/Debug-iphoneos -F /Users/inazumimakoto/Library/Developer/Xcode/DerivedData/lifelog-dlcpibjbhsajbleipoqwnvlvwlev/Build/Products/Debug-iphoneos -emit-localized-strings -emit-localized-strings-path /Users/inazumimakoto/Library/Developer/Xcode/DerivedData/lifelog-dlcpibjbhsajbleipoqwnvlvwlev/Build/Intermediates.noindex/lifelog.build/Debug-iphoneos/LifelogWidgetsExtension.build/Objects-normal/arm64 -c -j10 -enable-batch-mode -incremental -Xcc -ivfsstatcache -Xcc /Users/inazumimakoto/Library/Developer/Xcode/DerivedData/SDKStatCaches.noindex/iphoneos26.1-23B77-69b33fc7382b27d9b5d46e82a00f8e78.sdkstatcache -output-file-map /Users/inazumimakoto/Library/Developer/Xcode/DerivedData/lifelog-dlcpibjbhsajbleipoqwnvlvwlev/Build/Intermediates.noindex/lifelog.build/Debug-iphoneos/LifelogWidgetsExtension.build/Objects-normal/arm64/LifelogWidgetsExtension-OutputFileMap.json -use-frontend-parseable-output -save-temps -no-color-diagnostics -explicit-module-build -module-cache-path /Users/inazumimakoto/Library/Developer/Xcode/DerivedData/lifelog-dlcpibjbhsajbleipoqwnvlvwlev/Build/Intermediates.noindex/SwiftExplicitPrecompiledModules -clang-scanner-module-cache-path /Users/inazumimakoto/Library/Developer/Xcode/DerivedData/ModuleCache.noindex -sdk-module-cache-path /Users/inazumimakoto/Library/Developer/Xcode/DerivedData/ModuleCache.noindex -serialize-diagnostics -emit-dependencies -emit-module -emit-module-path /Users/inazumimakoto/Library/Developer/Xcode/DerivedData/lifelog-dlcpibjbhsajbleipoqwnvlvwlev/Build/Intermediates.noindex/lifelog.build/Debug-iphoneos/LifelogWidgetsExtension.build/Objects-normal/arm64/LifelogWidgetsExtension.swiftmodule -validate-clang-modules-once -clang-build-session-file /Users/inazumimakoto/Library/Developer/Xcode/DerivedData/ModuleCache.noindex/Session.modulevalidation -Xcc -I/Users/inazumimakoto/Library/Developer/Xcode/DerivedData/lifelog-dlcpibjbhsajbleipoqwnvlvwlev/Build/Intermediates.noindex/lifelog.build/Debug-iphoneos/LifelogWidgetsExtension.build/swift-overrides.hmap -emit-const-values -Xfrontend -const-gather-protocols-file -Xfrontend /Users/inazumimakoto/Library/Developer/Xcode/DerivedData/lifelog-dlcpibjbhsajbleipoqwnvlvwlev/Build/Intermediates.noindex/lifelog.build/Debug-iphoneos/LifelogWidgetsExtension.build/Objects-normal/arm64/LifelogWidgetsExtension_const_extract_protocols.json -Xcc -iquote -Xcc /Users/inazumimakoto/Library/Developer/Xcode/DerivedData/lifelog-dlcpibjbhsajbleipoqwnvlvwlev/Build/Intermediates.noindex/lifelog.build/Debug-iphoneos/LifelogWidgetsExtension.build/LifelogWidgetsExtension-generated-files.hmap -Xcc -I/Users/inazumimakoto/Library/Developer/Xcode/DerivedData/lifelog-dlcpibjbhsajbleipoqwnvlvwlev/Build/Intermediates.noindex/lifelog.build/Debug-iphoneos/LifelogWidgetsExtension.build/LifelogWidgetsExtension-own-target-headers.hmap -Xcc -I/Users/inazumimakoto/Library/Developer/Xcode/DerivedData/lifelog-dlcpibjbhsajbleipoqwnvlvwlev/Build/Intermediates.noindex/lifelog.build/Debug-iphoneos/LifelogWidgetsExtension.build/LifelogWidgetsExtension-all-target-headers.hmap -Xcc -iquote -Xcc /Users/inazumimakoto/Library/Developer/Xcode/DerivedData/lifelog-dlcpibjbhsajbleipoqwnvlvwlev/Build/Intermediates.noindex/lifelog.build/Debug-iphoneos/LifelogWidgetsExtension.build/LifelogWidgetsExtension-project-headers.hmap -Xcc -I/Users/inazumimakoto/Library/Developer/Xcode/DerivedData/lifelog-dlcpibjbhsajbleipoqwnvlvwlev/Build/Products/Debug-iphoneos/include -Xcc -I/Users/inazumimakoto/Library/Developer/Xcode/DerivedData/lifelog-dlcpibjbhsajbleipoqwnvlvwlev/Build/Intermediates.noindex/lifelog.build/Debug-iphoneos/LifelogWidgetsExtension.build/DerivedSources-normal/arm64 -Xcc -I/Users/inazumimakoto/Library/Developer/Xcode/DerivedData/lifelog-dlcpibjbhsajbleipoqwnvlvwlev/Build/Intermediates.noindex/lifelog.build/Debug-iphoneos/LifelogWidgetsExtension.build/DerivedSources/arm64 -Xcc -I/Users/inazumimakoto/Library/Developer/Xcode/DerivedData/lifelog-dlcpibjbhsajbleipoqwnvlvwlev/Build/Intermediates.noindex/lifelog.build/Debug-iphoneos/LifelogWidgetsExtension.build/DerivedSources -Xcc -DDEBUG\=1 -emit-objc-header -emit-objc-header-path /Users/inazumimakoto/Library/Developer/Xcode/DerivedData/lifelog-dlcpibjbhsajbleipoqwnvlvwlev/Build/Intermediates.noindex/lifelog.build/Debug-iphoneos/LifelogWidgetsExtension.build/Objects-normal/arm64/LifelogWidgetsExtension-Swift.h -working-directory /Users/inazumimakoto/Desktop/lifelog -experimental-emit-module-separately -disable-cmo
/Users/inazumimakoto/Desktop/lifelog/LifelogWidgets/ScheduleWidget.swift:160:1: error: expected '}' in struct

^
/Users/inazumimakoto/Desktop/lifelog/LifelogWidgets/ScheduleWidget.swift:67:39: note: to match this opening '{'
struct ScheduleWidgetEntryView : View {
                                      ^
/Users/inazumimakoto/Desktop/lifelog/LifelogWidgets/ScheduleWidget.swift:160:1: error: Expected '}' in struct

^ (in target 'LifelogWidgetsExtension' from project 'lifelog')
/Users/inazumimakoto/Desktop/lifelog/LifelogWidgets/ScheduleWidget.swift:67:39: note: To match this opening '{'
struct ScheduleWidgetEntryView : View {
                                      ^ (in target 'LifelogWidgetsExtension' from project 'lifelog')

** BUILD FAILED **


The following build commands failed:
	SwiftDriver LifelogWidgetsExtension normal arm64 com.apple.xcode.tools.swift.compiler (in target 'LifelogWidgetsExtension' from project 'lifelog')
	Building project lifelog with scheme LifelogWidgetsExtension
(2 failures)
